[debug] [2025-02-13T00:32:12.225Z] ----------------------------------------------------------------------
[debug] [2025-02-13T00:32:12.227Z] Command:       /usr/local/nvm/versions/node/v22.13.1/bin/node /usr/local/node_packages/node_modules/.bin/firebase login
[debug] [2025-02-13T00:32:12.228Z] CLI Version:   13.28.0
[debug] [2025-02-13T00:32:12.228Z] Platform:      linux
[debug] [2025-02-13T00:32:12.228Z] Node Version:  v22.13.1
[debug] [2025-02-13T00:32:12.229Z] Time:          Thu Feb 13 2025 00:32:12 GMT+0000 (Coordinated Universal Time)
[debug] [2025-02-13T00:32:12.229Z] ----------------------------------------------------------------------
[debug] 
[debug] [2025-02-13T00:32:12.232Z] >>> [apiv2][query] GET https://firebase-public.firebaseio.com/cli.json [none]
[info] i  Firebase optionally collects CLI and Emulator Suite usage and error reporting information to help improve our products. Data is collected in accordance with Google's privacy policy (https://policies.google.com/privacy) and is not used to identify you.
 
[debug] [2025-02-13T00:32:12.427Z] <<< [apiv2][status] GET https://firebase-public.firebaseio.com/cli.json 200
[debug] [2025-02-13T00:32:12.427Z] <<< [apiv2][body] GET https://firebase-public.firebaseio.com/cli.json {"cloudBuildErrorAfter":1594252800000,"cloudBuildWarnAfter":1590019200000,"defaultNode10After":1594252800000,"minVersion":"3.0.5","node8DeploysDisabledAfter":1613390400000,"node8RuntimeDisabledAfter":1615809600000,"node8WarnAfter":1600128000000}
[info] i  To change your data collection preference at any time, run `firebase logout` and log in again. 
[info] 
[info] Visit this URL on this device to log in:
[info] https://accounts.google.com/o/oauth2/auth?client_id=563584335869-fgrhgmd47bqnekij5i8b5pr03ho849e6.apps.googleusercontent.com&scope=email%20openid%20https%3A%2F%2Fwww.googleapis.com%2Fauth%2Fcloudplatformprojects.readonly%20https%3A%2F%2Fwww.googleapis.com%2Fauth%2Ffirebase%20https%3A%2F%2Fwww.googleapis.com%2Fauth%2Fcloud-platform&response_type=code&state=623687507&redirect_uri=http%3A%2F%2Flocalhost%3A9005
[info] 
[info] Waiting for authentication...
[debug] [2025-02-13T00:34:44.760Z] ----------------------------------------------------------------------
[debug] [2025-02-13T00:34:44.763Z] Command:       /usr/local/nvm/versions/node/v22.13.1/bin/node /usr/local/node_packages/node_modules/.bin/firebase init
[debug] [2025-02-13T00:34:44.763Z] CLI Version:   13.28.0
[debug] [2025-02-13T00:34:44.764Z] Platform:      linux
[debug] [2025-02-13T00:34:44.764Z] Node Version:  v22.13.1
[debug] [2025-02-13T00:34:44.764Z] Time:          Thu Feb 13 2025 00:34:44 GMT+0000 (Coordinated Universal Time)
[debug] [2025-02-13T00:34:44.764Z] ----------------------------------------------------------------------
[debug] 
[debug] [2025-02-13T00:34:44.771Z] > command requires scopes: ["email","openid","https://www.googleapis.com/auth/cloudplatformprojects.readonly","https://www.googleapis.com/auth/firebase","https://www.googleapis.com/auth/cloud-platform"]
[debug] [2025-02-13T00:34:44.805Z] Running auto auth
[info] 
     ######## #### ########  ######## ########     ###     ######  ########
     ##        ##  ##     ## ##       ##     ##  ##   ##  ##       ##
     ######    ##  ########  ######   ########  #########  ######  ######
     ##        ##  ##    ##  ##       ##     ## ##     ##       ## ##
     ##       #### ##     ## ######## ########  ##     ##  ######  ########

You're about to initialize a Firebase project in this directory:

  /home/chriscarabantess/my_app

[info] 
=== Project Setup
[info] 
[info] First, let's associate this project directory with a Firebase project.
[info] You can create multiple project aliases by running firebase use --add, 
[info] but for now we'll just set up a default project.
[info] 
[info] i  If you want to create a project in a Google Cloud organization or folder, please use "firebase projects:create" instead, and return to this command when you've created the project. 
[debug] [2025-02-13T00:38:05.594Z] No OAuth tokens found
[debug] [2025-02-13T00:38:05.596Z] >>> [apiv2][query] POST https://cloudresourcemanager.googleapis.com/v1/projects [none]
[debug] [2025-02-13T00:38:05.596Z] >>> [apiv2][body] POST https://cloudresourcemanager.googleapis.com/v1/projects {"projectId":"christian-web-app-2025","name":"Christian's Web App"}
[debug] [2025-02-13T00:38:05.749Z] <<< [apiv2][status] POST https://cloudresourcemanager.googleapis.com/v1/projects 403
[debug] [2025-02-13T00:38:05.749Z] <<< [apiv2][body] POST https://cloudresourcemanager.googleapis.com/v1/projects {"error":{"code":403,"message":"Caller does not have required permission to use project my-app-project. Grant the caller the roles/serviceusage.serviceUsageConsumer role, or a custom role with the serviceusage.services.use permission, by visiting https://console.developers.google.com/iam-admin/iam/project?project=my-app-project and then retry. Propagation of the new permission may take a few minutes.","status":"PERMISSION_DENIED","details":[{"@type":"type.googleapis.com/google.rpc.ErrorInfo","reason":"USER_PROJECT_DENIED","domain":"googleapis.com","metadata":{"consumer":"projects/my-app-project","containerInfo":"my-app-project","service":"cloudresourcemanager.googleapis.com"}},{"@type":"type.googleapis.com/google.rpc.LocalizedMessage","locale":"en-US","message":"Caller does not have required permission to use project my-app-project. Grant the caller the roles/serviceusage.serviceUsageConsumer role, or a custom role with the serviceusage.services.use permission, by visiting https://console.developers.google.com/iam-admin/iam/project?project=my-app-project and then retry. Propagation of the new permission may take a few minutes."},{"@type":"type.googleapis.com/google.rpc.Help","links":[{"description":"Google developer console IAM admin","url":"https://console.developers.google.com/iam-admin/iam/project?project=my-app-project"}]}]}}
[debug] [2025-02-13T00:38:05.773Z] FirebaseError: Request to https://cloudresourcemanager.googleapis.com/v1/projects had HTTP Error: 403, Caller does not have required permission to use project my-app-project. Grant the caller the roles/serviceusage.serviceUsageConsumer role, or a custom role with the serviceusage.services.use permission, by visiting https://console.developers.google.com/iam-admin/iam/project?project=my-app-project and then retry. Propagation of the new permission may take a few minutes.
    at responseToError (/usr/local/node_packages/node_modules/firebase-tools/lib/responseToError.js:52:12)
    at RetryOperation._fn (/usr/local/node_packages/node_modules/firebase-tools/lib/apiv2.js:312:77)
    at process.processTicksAndRejections (node:internal/process/task_queues:105:5)
[error] 
[error] Error: Failed to create project. See firebase-debug.log for more info.
